This is pdfTeX, Version 3.1415926-2.5-1.40.14 (TeX Live 2013/Debian) (format=pdflatex 2014.7.17)  23 JUN 2015 20:25
entering extended mode
 restricted \write18 enabled.
 %&-line parsing enabled.
**presentation_1.tex
(./presentation_1.tex
LaTeX2e <2011/06/27>
Babel <3.9h> and hyphenation patterns for 3 languages loaded.
(/usr/share/texmf/tex/latex/beamer/base/beamer.cls
(/usr/share/texmf/tex/latex/beamer/base/beamerbasercs.sty
Package: beamerbasercs 2012/11/13 (rcs-revision cb16a617839f)
)
Document Class: beamer 2012/10/15 development version 3.24 A class for typesett
ing presentations (rcs-revision 24853e6b98cf)
(/usr/share/texmf/tex/latex/beamer/base/beamerbasemodes.sty
Package: beamerbasemodes 2012/04/15 (rcs-revision cc6557182d97)
\beamer@tempbox=\box26
\beamer@tempcount=\count79
\c@beamerpauses=\count80

(/usr/share/texmf/tex/latex/beamer/base/beamerbasedecode.sty
Package: beamerbasedecode 2010/05/01 (rcs-revision efa082c6111d)
\beamer@slideinframe=\count81
\beamer@minimum=\count82
)
\beamer@commentbox=\box27
\beamer@modecount=\count83
)
(/usr/share/texlive/texmf-dist/tex/generic/oberdiek/ifpdf.sty
Package: ifpdf 2011/01/30 v2.3 Provides the ifpdf switch (HO)
Package ifpdf Info: pdfTeX in PDF mode is detected.
)
\headheight=\dimen102
\headdp=\dimen103
\footheight=\dimen104
\sidebarheight=\dimen105
\beamer@tempdim=\dimen106
\beamer@finalheight=\dimen107
\beamer@animht=\dimen108
\beamer@animdp=\dimen109
\beamer@animwd=\dimen110
\beamer@leftmargin=\dimen111
\beamer@rightmargin=\dimen112
\beamer@leftsidebar=\dimen113
\beamer@rightsidebar=\dimen114
\beamer@boxsize=\dimen115
\beamer@vboxoffset=\dimen116
\beamer@descdefault=\dimen117
\beamer@descriptionwidth=\dimen118
\beamer@lastskip=\skip41
\beamer@areabox=\box28
\beamer@animcurrent=\box29
\beamer@animshowbox=\box30
\beamer@sectionbox=\box31
\beamer@logobox=\box32
\beamer@linebox=\box33
\beamer@sectioncount=\count84
\beamer@subsubsectionmax=\count85
\beamer@subsectionmax=\count86
\beamer@sectionmax=\count87
\beamer@totalheads=\count88
\beamer@headcounter=\count89
\beamer@partstartpage=\count90
\beamer@sectionstartpage=\count91
\beamer@subsectionstartpage=\count92
\beamer@animationtempa=\count93
\beamer@animationtempb=\count94
\beamer@xpos=\count95
\beamer@ypos=\count96
\beamer@showpartnumber=\count97
\beamer@currentsubsection=\count98
\beamer@coveringdepth=\count99
\beamer@sectionadjust=\count100
\beamer@tocsectionnumber=\count101

(/usr/share/texmf/tex/latex/beamer/base/beamerbaseoptions.sty
Package: beamerbaseoptions 2010/04/27 (rcs-revision 982469101dd6)

(/usr/share/texlive/texmf-dist/tex/latex/graphics/keyval.sty
Package: keyval 1999/03/16 v1.13 key=value parser (DPC)
\KV@toks@=\toks14
))
\beamer@paperwidth=\skip42
\beamer@paperheight=\skip43

(/usr/share/texlive/texmf-dist/tex/latex/geometry/geometry.sty
Package: geometry 2010/09/12 v5.6 Page Geometry

(/usr/share/texlive/texmf-dist/tex/generic/oberdiek/ifvtex.sty
Package: ifvtex 2010/03/01 v1.5 Detect VTeX and its facilities (HO)
Package ifvtex Info: VTeX not detected.
)
(/usr/share/texlive/texmf-dist/tex/generic/ifxetex/ifxetex.sty
Package: ifxetex 2010/09/12 v0.6 Provides ifxetex conditional
)
\Gm@cnth=\count102
\Gm@cntv=\count103
\c@Gm@tempcnt=\count104
\Gm@bindingoffset=\dimen119
\Gm@wd@mp=\dimen120
\Gm@odd@mp=\dimen121
\Gm@even@mp=\dimen122
\Gm@layoutwidth=\dimen123
\Gm@layoutheight=\dimen124
\Gm@layouthoffset=\dimen125
\Gm@layoutvoffset=\dimen126
\Gm@dimlist=\toks15
)
(/usr/share/texlive/texmf-dist/tex/latex/base/size11.clo
File: size11.clo 2007/10/19 v1.4h Standard LaTeX file (size option)
)
(/usr/share/texmf/tex/latex/pgf/basiclayer/pgfcore.sty
(/usr/share/texlive/texmf-dist/tex/latex/graphics/graphicx.sty
Package: graphicx 1999/02/16 v1.0f Enhanced LaTeX Graphics (DPC,SPQR)

(/usr/share/texlive/texmf-dist/tex/latex/graphics/graphics.sty
Package: graphics 2009/02/05 v1.0o Standard LaTeX Graphics (DPC,SPQR)

(/usr/share/texlive/texmf-dist/tex/latex/graphics/trig.sty
Package: trig 1999/03/16 v1.09 sin cos tan (DPC)
)
(/usr/share/texlive/texmf-dist/tex/latex/latexconfig/graphics.cfg
File: graphics.cfg 2010/04/23 v1.9 graphics configuration of TeX Live
)
Package graphics Info: Driver file: pdftex.def on input line 91.

(/usr/share/texlive/texmf-dist/tex/latex/pdftex-def/pdftex.def
File: pdftex.def 2011/05/27 v0.06d Graphics/color for pdfTeX

(/usr/share/texlive/texmf-dist/tex/generic/oberdiek/infwarerr.sty
Package: infwarerr 2010/04/08 v1.3 Providing info/warning/error messages (HO)
)
(/usr/share/texlive/texmf-dist/tex/generic/oberdiek/ltxcmds.sty
Package: ltxcmds 2011/11/09 v1.22 LaTeX kernel commands for general use (HO)
)
\Gread@gobject=\count105
))
\Gin@req@height=\dimen127
\Gin@req@width=\dimen128
)
(/usr/share/texmf/tex/latex/pgf/systemlayer/pgfsys.sty
(/usr/share/texmf/tex/latex/pgf/utilities/pgfrcs.sty
(/usr/share/texmf/tex/generic/pgf/utilities/pgfutil-common.tex
\pgfutil@everybye=\toks16
)
(/usr/share/texmf/tex/generic/pgf/utilities/pgfutil-latex.def
\pgfutil@abb=\box34

(/usr/share/texlive/texmf-dist/tex/latex/ms/everyshi.sty
Package: everyshi 2001/05/15 v3.00 EveryShipout Package (MS)
))
(/usr/share/texmf/tex/generic/pgf/utilities/pgfrcs.code.tex
Package: pgfrcs 2010/10/25 v2.10 (rcs-revision 1.24)
))
(/usr/share/texmf/tex/generic/pgf/systemlayer/pgfsys.code.tex
Package: pgfsys 2010/06/30 v2.10 (rcs-revision 1.37)

(/usr/share/texmf/tex/generic/pgf/utilities/pgfkeys.code.tex
\pgfkeys@pathtoks=\toks17
\pgfkeys@temptoks=\toks18

(/usr/share/texmf/tex/generic/pgf/utilities/pgfkeysfiltered.code.tex
\pgfkeys@tmptoks=\toks19
))
\pgf@x=\dimen129
\pgf@y=\dimen130
\pgf@xa=\dimen131
\pgf@ya=\dimen132
\pgf@xb=\dimen133
\pgf@yb=\dimen134
\pgf@xc=\dimen135
\pgf@yc=\dimen136
\w@pgf@writea=\write3
\r@pgf@reada=\read1
\c@pgf@counta=\count106
\c@pgf@countb=\count107
\c@pgf@countc=\count108
\c@pgf@countd=\count109

(/usr/share/texmf/tex/generic/pgf/systemlayer/pgf.cfg
File: pgf.cfg 2008/05/14  (rcs-revision 1.7)
)
Package pgfsys Info: Driver file for pgf: pgfsys-pdftex.def on input line 900.

(/usr/share/texmf/tex/generic/pgf/systemlayer/pgfsys-pdftex.def
File: pgfsys-pdftex.def 2009/05/22  (rcs-revision 1.26)

(/usr/share/texmf/tex/generic/pgf/systemlayer/pgfsys-common-pdf.def
File: pgfsys-common-pdf.def 2008/05/19  (rcs-revision 1.10)
)))
(/usr/share/texmf/tex/generic/pgf/systemlayer/pgfsyssoftpath.code.tex
File: pgfsyssoftpath.code.tex 2008/07/18  (rcs-revision 1.7)
\pgfsyssoftpath@smallbuffer@items=\count110
\pgfsyssoftpath@bigbuffer@items=\count111
)
(/usr/share/texmf/tex/generic/pgf/systemlayer/pgfsysprotocol.code.tex
File: pgfsysprotocol.code.tex 2006/10/16  (rcs-revision 1.4)
))
(/usr/share/texmf/tex/latex/xcolor/xcolor.sty
Package: xcolor 2007/01/21 v2.11 LaTeX color extensions (UK)

(/usr/share/texlive/texmf-dist/tex/latex/latexconfig/color.cfg
File: color.cfg 2007/01/18 v1.5 color configuration of teTeX/TeXLive
)
Package xcolor Info: Driver file: pdftex.def on input line 225.
Package xcolor Info: Model `cmy' substituted by `cmy0' on input line 1337.
Package xcolor Info: Model `hsb' substituted by `rgb' on input line 1341.
Package xcolor Info: Model `RGB' extended on input line 1353.
Package xcolor Info: Model `HTML' substituted by `rgb' on input line 1355.
Package xcolor Info: Model `Hsb' substituted by `hsb' on input line 1356.
Package xcolor Info: Model `tHsb' substituted by `hsb' on input line 1357.
Package xcolor Info: Model `HSB' substituted by `hsb' on input line 1358.
Package xcolor Info: Model `Gray' substituted by `gray' on input line 1359.
Package xcolor Info: Model `wave' substituted by `hsb' on input line 1360.
)
(/usr/share/texmf/tex/generic/pgf/basiclayer/pgfcore.code.tex
Package: pgfcore 2010/04/11 v2.10 (rcs-revision 1.7)

(/usr/share/texmf/tex/generic/pgf/math/pgfmath.code.tex
(/usr/share/texmf/tex/generic/pgf/math/pgfmathcalc.code.tex
(/usr/share/texmf/tex/generic/pgf/math/pgfmathutil.code.tex)
(/usr/share/texmf/tex/generic/pgf/math/pgfmathparser.code.tex
\pgfmath@dimen=\dimen137
\pgfmath@count=\count112
\pgfmath@box=\box35
\pgfmath@toks=\toks20
\pgfmath@stack@operand=\toks21
\pgfmath@stack@operation=\toks22
)
(/usr/share/texmf/tex/generic/pgf/math/pgfmathfunctions.code.tex
(/usr/share/texmf/tex/generic/pgf/math/pgfmathfunctions.basic.code.tex)
(/usr/share/texmf/tex/generic/pgf/math/pgfmathfunctions.trigonometric.code.tex)
(/usr/share/texmf/tex/generic/pgf/math/pgfmathfunctions.random.code.tex)
(/usr/share/texmf/tex/generic/pgf/math/pgfmathfunctions.comparison.code.tex)
(/usr/share/texmf/tex/generic/pgf/math/pgfmathfunctions.base.code.tex)
(/usr/share/texmf/tex/generic/pgf/math/pgfmathfunctions.round.code.tex)
(/usr/share/texmf/tex/generic/pgf/math/pgfmathfunctions.misc.code.tex)))
(/usr/share/texmf/tex/generic/pgf/math/pgfmathfloat.code.tex
\c@pgfmathroundto@lastzeros=\count113
))
(/usr/share/texmf/tex/generic/pgf/basiclayer/pgfcorepoints.code.tex
File: pgfcorepoints.code.tex 2010/04/09  (rcs-revision 1.20)
\pgf@picminx=\dimen138
\pgf@picmaxx=\dimen139
\pgf@picminy=\dimen140
\pgf@picmaxy=\dimen141
\pgf@pathminx=\dimen142
\pgf@pathmaxx=\dimen143
\pgf@pathminy=\dimen144
\pgf@pathmaxy=\dimen145
\pgf@xx=\dimen146
\pgf@xy=\dimen147
\pgf@yx=\dimen148
\pgf@yy=\dimen149
\pgf@zx=\dimen150
\pgf@zy=\dimen151
)
(/usr/share/texmf/tex/generic/pgf/basiclayer/pgfcorepathconstruct.code.tex
File: pgfcorepathconstruct.code.tex 2010/08/03  (rcs-revision 1.24)
\pgf@path@lastx=\dimen152
\pgf@path@lasty=\dimen153
)
(/usr/share/texmf/tex/generic/pgf/basiclayer/pgfcorepathusage.code.tex
File: pgfcorepathusage.code.tex 2008/04/22  (rcs-revision 1.12)
\pgf@shorten@end@additional=\dimen154
\pgf@shorten@start@additional=\dimen155
)
(/usr/share/texmf/tex/generic/pgf/basiclayer/pgfcorescopes.code.tex
File: pgfcorescopes.code.tex 2010/09/08  (rcs-revision 1.34)
\pgfpic=\box36
\pgf@hbox=\box37
\pgf@layerbox@main=\box38
\pgf@picture@serial@count=\count114
)
(/usr/share/texmf/tex/generic/pgf/basiclayer/pgfcoregraphicstate.code.tex
File: pgfcoregraphicstate.code.tex 2008/04/22  (rcs-revision 1.9)
\pgflinewidth=\dimen156
)
(/usr/share/texmf/tex/generic/pgf/basiclayer/pgfcoretransformations.code.tex
File: pgfcoretransformations.code.tex 2009/06/10  (rcs-revision 1.11)
\pgf@pt@x=\dimen157
\pgf@pt@y=\dimen158
\pgf@pt@temp=\dimen159
)
(/usr/share/texmf/tex/generic/pgf/basiclayer/pgfcorequick.code.tex
File: pgfcorequick.code.tex 2008/10/09  (rcs-revision 1.3)
)
(/usr/share/texmf/tex/generic/pgf/basiclayer/pgfcoreobjects.code.tex
File: pgfcoreobjects.code.tex 2006/10/11  (rcs-revision 1.2)
)
(/usr/share/texmf/tex/generic/pgf/basiclayer/pgfcorepathprocessing.code.tex
File: pgfcorepathprocessing.code.tex 2008/10/09  (rcs-revision 1.8)
)
(/usr/share/texmf/tex/generic/pgf/basiclayer/pgfcorearrows.code.tex
File: pgfcorearrows.code.tex 2008/04/23  (rcs-revision 1.11)
)
(/usr/share/texmf/tex/generic/pgf/basiclayer/pgfcoreshade.code.tex
File: pgfcoreshade.code.tex 2008/11/23  (rcs-revision 1.13)
\pgf@max=\dimen160
\pgf@sys@shading@range@num=\count115
)
(/usr/share/texmf/tex/generic/pgf/basiclayer/pgfcoreimage.code.tex
File: pgfcoreimage.code.tex 2010/03/25  (rcs-revision 1.16)

(/usr/share/texmf/tex/generic/pgf/basiclayer/pgfcoreexternal.code.tex
File: pgfcoreexternal.code.tex 2010/09/01  (rcs-revision 1.17)
\pgfexternal@startupbox=\box39
))
(/usr/share/texmf/tex/generic/pgf/basiclayer/pgfcorelayers.code.tex
File: pgfcorelayers.code.tex 2010/08/27  (rcs-revision 1.2)
)
(/usr/share/texmf/tex/generic/pgf/basiclayer/pgfcoretransparency.code.tex
File: pgfcoretransparency.code.tex 2008/01/17  (rcs-revision 1.2)
)
(/usr/share/texmf/tex/generic/pgf/basiclayer/pgfcorepatterns.code.tex
File: pgfcorepatterns.code.tex 2009/07/02  (rcs-revision 1.3)
)))
(/usr/share/texmf/tex/latex/pgf/utilities/xxcolor.sty
Package: xxcolor 2003/10/24 ver 0.1
\XC@nummixins=\count116
\XC@countmixins=\count117
)
(/usr/share/texlive/texmf-dist/tex/latex/hyperref/hyperref.sty
Package: hyperref 2012/11/06 v6.83m Hypertext links for LaTeX

(/usr/share/texlive/texmf-dist/tex/generic/oberdiek/hobsub-hyperref.sty
Package: hobsub-hyperref 2012/05/28 v1.13 Bundle oberdiek, subset hyperref (HO)


(/usr/share/texlive/texmf-dist/tex/generic/oberdiek/hobsub-generic.sty
Package: hobsub-generic 2012/05/28 v1.13 Bundle oberdiek, subset generic (HO)
Package: hobsub 2012/05/28 v1.13 Construct package bundles (HO)
Package hobsub Info: Skipping package `infwarerr' (already loaded).
Package hobsub Info: Skipping package `ltxcmds' (already loaded).
Package: ifluatex 2010/03/01 v1.3 Provides the ifluatex switch (HO)
Package ifluatex Info: LuaTeX not detected.
Package hobsub Info: Skipping package `ifvtex' (already loaded).
Package: intcalc 2007/09/27 v1.1 Expandable calculations with integers (HO)
Package hobsub Info: Skipping package `ifpdf' (already loaded).
Package: etexcmds 2011/02/16 v1.5 Avoid name clashes with e-TeX commands (HO)
Package etexcmds Info: Could not find \expanded.
(etexcmds)             That can mean that you are not using pdfTeX 1.50 or
(etexcmds)             that some package has redefined \expanded.
(etexcmds)             In the latter case, load this package earlier.
Package: kvsetkeys 2012/04/25 v1.16 Key value parser (HO)
Package: kvdefinekeys 2011/04/07 v1.3 Define keys (HO)
Package: pdftexcmds 2011/11/29 v0.20 Utility functions of pdfTeX for LuaTeX (HO
)
Package pdftexcmds Info: LuaTeX not detected.
Package pdftexcmds Info: \pdf@primitive is available.
Package pdftexcmds Info: \pdf@ifprimitive is available.
Package pdftexcmds Info: \pdfdraftmode found.
Package: pdfescape 2011/11/25 v1.13 Implements pdfTeX's escape features (HO)
Package: bigintcalc 2012/04/08 v1.3 Expandable calculations on big integers (HO
)
Package: bitset 2011/01/30 v1.1 Handle bit-vector datatype (HO)
Package: uniquecounter 2011/01/30 v1.2 Provide unlimited unique counter (HO)
)
Package hobsub Info: Skipping package `hobsub' (already loaded).
Package: letltxmacro 2010/09/02 v1.4 Let assignment for LaTeX macros (HO)
Package: hopatch 2012/05/28 v1.2 Wrapper for package hooks (HO)
Package: xcolor-patch 2011/01/30 xcolor patch
Package: atveryend 2011/06/30 v1.8 Hooks at the very end of document (HO)
Package atveryend Info: \enddocument detected (standard20110627).
Package: atbegshi 2011/10/05 v1.16 At begin shipout hook (HO)
Package: refcount 2011/10/16 v3.4 Data extraction from label references (HO)
Package: hycolor 2011/01/30 v1.7 Color options for hyperref/bookmark (HO)
)
(/usr/share/texlive/texmf-dist/tex/latex/oberdiek/auxhook.sty
Package: auxhook 2011/03/04 v1.3 Hooks for auxiliary files (HO)
)
(/usr/share/texlive/texmf-dist/tex/latex/oberdiek/kvoptions.sty
Package: kvoptions 2011/06/30 v3.11 Key value format for package options (HO)
)
\@linkdim=\dimen161
\Hy@linkcounter=\count118
\Hy@pagecounter=\count119

(/usr/share/texlive/texmf-dist/tex/latex/hyperref/pd1enc.def
File: pd1enc.def 2012/11/06 v6.83m Hyperref: PDFDocEncoding definition (HO)
)
\Hy@SavedSpaceFactor=\count120

(/usr/share/texlive/texmf-dist/tex/latex/latexconfig/hyperref.cfg
File: hyperref.cfg 2002/06/06 v1.2 hyperref configuration of TeXLive
)
Package hyperref Info: Option `bookmarks' set `true' on input line 4319.
Package hyperref Info: Option `bookmarksopen' set `true' on input line 4319.
Package hyperref Info: Option `implicit' set `false' on input line 4319.
Package hyperref Info: Hyper figures OFF on input line 4443.
Package hyperref Info: Link nesting OFF on input line 4448.
Package hyperref Info: Hyper index ON on input line 4451.
Package hyperref Info: Plain pages OFF on input line 4458.
Package hyperref Info: Backreferencing OFF on input line 4463.
Package hyperref Info: Implicit mode OFF; no redefinition of LaTeX internals.
Package hyperref Info: Bookmarks ON on input line 4688.
\c@Hy@tempcnt=\count121

(/usr/share/texlive/texmf-dist/tex/latex/url/url.sty
\Urlmuskip=\muskip10
Package: url 2013/09/16  ver 3.4  Verb mode for urls, etc.
)
LaTeX Info: Redefining \url on input line 5041.
\XeTeXLinkMargin=\dimen162
\Fld@menulength=\count122
\Field@Width=\dimen163
\Fld@charsize=\dimen164
Package hyperref Info: Hyper figures OFF on input line 6295.
Package hyperref Info: Link nesting OFF on input line 6300.
Package hyperref Info: Hyper index ON on input line 6303.
Package hyperref Info: backreferencing OFF on input line 6310.
Package hyperref Info: Link coloring OFF on input line 6315.
Package hyperref Info: Link coloring with OCG OFF on input line 6320.
Package hyperref Info: PDF/A mode OFF on input line 6325.
LaTeX Info: Redefining \ref on input line 6365.
LaTeX Info: Redefining \pageref on input line 6369.
\Hy@abspage=\count123


Package hyperref Message: Stopped early.

)

Package hyperref Message: Driver (autodetected): hpdftex.

(/usr/share/texlive/texmf-dist/tex/latex/hyperref/hpdftex.def
File: hpdftex.def 2012/11/06 v6.83m Hyperref driver for pdfTeX
\Fld@listcount=\count124
\c@bookmark@seq@number=\count125

(/usr/share/texlive/texmf-dist/tex/latex/oberdiek/rerunfilecheck.sty
Package: rerunfilecheck 2011/04/15 v1.7 Rerun checks for auxiliary files (HO)
Package uniquecounter Info: New unique counter `rerunfilecheck' on input line 2
82.
))
(/usr/share/texmf/tex/latex/beamer/base/beamerbaserequires.sty
Package: beamerbaserequires 2010/05/01  (rcs-revision efa082c6111d)

(/usr/share/texmf/tex/latex/beamer/base/beamerbasecompatibility.sty
Package: beamerbasecompatibility 2012/05/01  (rcs-revision 67c48b3b652d)
)
(/usr/share/texmf/tex/latex/beamer/base/beamerbasefont.sty
Package: beamerbasefont 2012/09/19  (rcs-revision 733629cd0c6c)

(/usr/share/texlive/texmf-dist/tex/latex/amsfonts/amssymb.sty
Package: amssymb 2013/01/14 v3.01 AMS font symbols

(/usr/share/texlive/texmf-dist/tex/latex/amsfonts/amsfonts.sty
Package: amsfonts 2013/01/14 v3.01 Basic AMSFonts support
\@emptytoks=\toks23
\symAMSa=\mathgroup4
\symAMSb=\mathgroup5
LaTeX Font Info:    Overwriting math alphabet `\mathfrak' in version `bold'
(Font)                  U/euf/m/n --> U/euf/b/n on input line 106.
)))
(/usr/share/texmf/tex/latex/beamer/base/beamerbasetranslator.sty
Package: beamerbasetranslator 2010/06/11  (rcs-revision 85fd1cc7fc42)

(/usr/share/texmf/tex/latex/beamer/base/translator/translator.sty
Package: translator 2010/06/12 ver 1.10

(/usr/share/texmf/tex/latex/beamer/base/translator/translator-language-mappings
.tex))) (/usr/share/texmf/tex/latex/beamer/base/beamerbasemisc.sty
Package: beamerbasemisc 2012/02/24  (rcs-revision 2ff5461be705)
)
(/usr/share/texmf/tex/latex/beamer/base/beamerbasetwoscreens.sty
Package: beamerbasetwoscreens 2010/05/01  (rcs-revision efa082c6111d)
)
(/usr/share/texmf/tex/latex/beamer/base/beamerbaseoverlay.sty
Package: beamerbaseoverlay 2012/11/11  (rcs-revision 6afbc49b1109)
\beamer@argscount=\count126
\beamer@lastskipcover=\skip44
\beamer@trivlistdepth=\count127
)
(/usr/share/texmf/tex/latex/beamer/base/beamerbasetitle.sty
Package: beamerbasetitle 2010/09/21  (rcs-revision f0446ed0b6ae)
)
(/usr/share/texmf/tex/latex/beamer/base/beamerbasesection.sty
Package: beamerbasesection 2012/11/11  (rcs-revision 0056eef6f17f)
\c@lecture=\count128
\c@part=\count129
\c@section=\count130
\c@subsection=\count131
\c@subsubsection=\count132
)
(/usr/share/texmf/tex/latex/beamer/base/beamerbaseframe.sty
Package: beamerbaseframe 2012/09/13  (rcs-revision dcd846607320)
\beamer@framebox=\box40
\beamer@frametitlebox=\box41
\beamer@zoombox=\box42
\beamer@zoomcount=\count133
\beamer@zoomframecount=\count134
\beamer@frametextheight=\dimen165
\c@subsectionslide=\count135
\beamer@frametopskip=\skip45
\beamer@framebottomskip=\skip46
\beamer@frametopskipautobreak=\skip47
\beamer@framebottomskipautobreak=\skip48
\beamer@envbody=\toks24
\framewidth=\dimen166
\c@framenumber=\count136
)
(/usr/share/texmf/tex/latex/beamer/base/beamerbaseverbatim.sty
Package: beamerbaseverbatim 2012/08/30  (rcs-revision dfdb135076b3)
\beamer@verbatimfileout=\write4
)
(/usr/share/texmf/tex/latex/beamer/base/beamerbaseframesize.sty
Package: beamerbaseframesize 2011/09/12  (rcs-revision 70f9d8411e54)
\beamer@splitbox=\box43
\beamer@autobreakcount=\count137
\beamer@autobreaklastheight=\dimen167
\beamer@frametitletoks=\toks25
\beamer@framesubtitletoks=\toks26
)
(/usr/share/texmf/tex/latex/beamer/base/beamerbaseframecomponents.sty
Package: beamerbaseframecomponents 2012/09/13  (rcs-revision dcd846607320)
\beamer@footins=\box44
)
(/usr/share/texmf/tex/latex/beamer/base/beamerbasecolor.sty
Package: beamerbasecolor 2010/06/06  (rcs-revision d1a9b48be06d)
)
(/usr/share/texmf/tex/latex/beamer/base/beamerbasenotes.sty
Package: beamerbasenotes 2010/05/01  (rcs-revision efa082c6111d)
\beamer@frameboxcopy=\box45
)
(/usr/share/texmf/tex/latex/beamer/base/beamerbasetoc.sty
Package: beamerbasetoc 2012/10/02  (rcs-revision 5ed0f4010e8a)
)
(/usr/share/texmf/tex/latex/beamer/base/beamerbasetemplates.sty
Package: beamerbasetemplates 2010/05/01  (rcs-revision efa082c6111d)
\beamer@sbttoks=\toks27

(/usr/share/texmf/tex/latex/beamer/base/beamerbaseauxtemplates.sty
Package: beamerbaseauxtemplates 2012/05/01  (rcs-revision 67c48b3b652d)

(/usr/share/texmf/tex/latex/beamer/base/beamerbaseboxes.sty
Package: beamerbaseboxes 2012/05/13  (rcs-revision 56972908a390)
\bmb@box=\box46
\bmb@colorbox=\box47
\bmb@boxshadow=\box48
\bmb@boxshadowball=\box49
\bmb@boxshadowballlarge=\box50
\bmb@temp=\dimen168
\bmb@dima=\dimen169
\bmb@dimb=\dimen170
\bmb@prevheight=\dimen171
)
\beamer@blockheadheight=\dimen172
))
(/usr/share/texmf/tex/latex/beamer/base/beamerbaselocalstructure.sty
Package: beamerbaselocalstructure 2012/11/13  (rcs-revision ddfba79dac19)

(/usr/share/texlive/texmf-dist/tex/latex/tools/enumerate.sty
Package: enumerate 1999/03/05 v3.00 enumerate extensions (DPC)
\@enLab=\toks28
)
\c@figure=\count138
\c@table=\count139
\abovecaptionskip=\skip49
\belowcaptionskip=\skip50
)
(/usr/share/texmf/tex/latex/beamer/base/beamerbasenavigation.sty
Package: beamerbasenavigation 2012/04/03  (rcs-revision 42a0f21a412d)
\beamer@section@min@dim=\dimen173
)
(/usr/share/texmf/tex/latex/beamer/base/beamerbasetheorems.sty
Package: beamerbasetheorems 2010/06/06  (rcs-revision 7e7cc5e53e9d)

(/usr/share/texlive/texmf-dist/tex/latex/amsmath/amsmath.sty
Package: amsmath 2013/01/14 v2.14 AMS math features
\@mathmargin=\skip51

For additional information on amsmath, use the `?' option.
(/usr/share/texlive/texmf-dist/tex/latex/amsmath/amstext.sty
Package: amstext 2000/06/29 v2.01

(/usr/share/texlive/texmf-dist/tex/latex/amsmath/amsgen.sty
File: amsgen.sty 1999/11/30 v2.0
\@emptytoks=\toks29
\ex@=\dimen174
))
(/usr/share/texlive/texmf-dist/tex/latex/amsmath/amsbsy.sty
Package: amsbsy 1999/11/29 v1.2d
\pmbraise@=\dimen175
)
(/usr/share/texlive/texmf-dist/tex/latex/amsmath/amsopn.sty
Package: amsopn 1999/12/14 v2.01 operator names
)
\inf@bad=\count140
LaTeX Info: Redefining \frac on input line 210.
\uproot@=\count141
\leftroot@=\count142
LaTeX Info: Redefining \overline on input line 306.
\classnum@=\count143
\DOTSCASE@=\count144
LaTeX Info: Redefining \ldots on input line 378.
LaTeX Info: Redefining \dots on input line 381.
LaTeX Info: Redefining \cdots on input line 466.
\Mathstrutbox@=\box51
\strutbox@=\box52
\big@size=\dimen176
LaTeX Font Info:    Redeclaring font encoding OML on input line 566.
LaTeX Font Info:    Redeclaring font encoding OMS on input line 567.
\macc@depth=\count145
\c@MaxMatrixCols=\count146
\dotsspace@=\muskip11
\c@parentequation=\count147
\dspbrk@lvl=\count148
\tag@help=\toks30
\row@=\count149
\column@=\count150
\maxfields@=\count151
\andhelp@=\toks31
\eqnshift@=\dimen177
\alignsep@=\dimen178
\tagshift@=\dimen179
\tagwidth@=\dimen180
\totwidth@=\dimen181
\lineht@=\dimen182
\@envbody=\toks32
\multlinegap=\skip52
\multlinetaggap=\skip53
\mathdisplay@stack=\toks33
LaTeX Info: Redefining \[ on input line 2665.
LaTeX Info: Redefining \] on input line 2666.
)
(/usr/share/texlive/texmf-dist/tex/latex/amscls/amsthm.sty
Package: amsthm 2004/08/06 v2.20
\thm@style=\toks34
\thm@bodyfont=\toks35
\thm@headfont=\toks36
\thm@notefont=\toks37
\thm@headpunct=\toks38
\thm@preskip=\skip54
\thm@postskip=\skip55
\thm@headsep=\skip56
\dth@everypar=\toks39
)
\c@theorem=\count152
)
(/usr/share/texmf/tex/latex/beamer/base/beamerbasethemes.sty
Package: beamerbasethemes 2010/05/01  (rcs-revision efa082c6111d)
))
(/usr/share/texmf/tex/latex/beamer/base/themes/theme/beamerthemedefault.sty
Package: beamerthemedefault 2010/06/17  (rcs-revision d02a7cf4d8ae)

(/usr/share/texmf/tex/latex/beamer/base/themes/font/beamerfontthemedefault.sty
Package: beamerfontthemedefault 2010/06/17  (rcs-revision d02a7cf4d8ae)
)
(/usr/share/texmf/tex/latex/beamer/base/themes/color/beamercolorthemedefault.st
y
Package: beamercolorthemedefault 2010/06/17  (rcs-revision d02a7cf4d8ae)
)
(/usr/share/texmf/tex/latex/beamer/base/themes/inner/beamerinnerthemedefault.st
y
Package: beamerinnerthemedefault 2012/05/01  (rcs-revision 67c48b3b652d)
\beamer@dima=\dimen183
\beamer@dimb=\dimen184
)
(/usr/share/texmf/tex/latex/beamer/base/themes/outer/beamerouterthemedefault.st
y
Package: beamerouterthemedefault 2012/10/02  (rcs-revision 5ed0f4010e8a)
))) (/usr/share/texmf/tex/latex/beamer/base/themes/theme/beamerthemeMadrid.sty
Package: beamerthemeMadrid 2010/06/17  (rcs-revision d02a7cf4d8ae)
(/usr/share/texmf/tex/latex/beamer/base/themes/color/beamercolorthemewhale.sty
Package: beamercolorthemewhale 2010/06/17  (rcs-revision d02a7cf4d8ae)
)
(/usr/share/texmf/tex/latex/beamer/base/themes/color/beamercolorthemeorchid.sty
Package: beamercolorthemeorchid 2010/06/17  (rcs-revision d02a7cf4d8ae)
)
(/usr/share/texmf/tex/latex/beamer/base/themes/inner/beamerinnerthemerounded.st
y
Package: beamerinnerthemerounded 2010/06/17  (rcs-revision d02a7cf4d8ae)
)
(/usr/share/texmf/tex/latex/beamer/base/themes/outer/beamerouterthemeinfolines.
sty
Package: beamerouterthemeinfolines 2012/10/16  (rcs-revision 51a8c72084af)
))
(/usr/share/texmf/tex/latex/beamer/base/themes/color/beamercolorthemerose.sty
Package: beamercolorthemerose 2010/06/17  (rcs-revision d02a7cf4d8ae)
)
(/usr/share/texmf/tex/latex/pgf/frontendlayer/tikz.sty
(/usr/share/texmf/tex/latex/pgf/basiclayer/pgf.sty
Package: pgf 2008/01/15 v2.10 (rcs-revision 1.12)

(/usr/share/texmf/tex/generic/pgf/modules/pgfmoduleshapes.code.tex
File: pgfmoduleshapes.code.tex 2010/09/09  (rcs-revision 1.13)
\pgfnodeparttextbox=\box53
)
(/usr/share/texmf/tex/generic/pgf/modules/pgfmoduleplot.code.tex
File: pgfmoduleplot.code.tex 2010/10/22  (rcs-revision 1.8)
)
(/usr/share/texmf/tex/latex/pgf/compatibility/pgfcomp-version-0-65.sty
Package: pgfcomp-version-0-65 2007/07/03 v2.10 (rcs-revision 1.7)
\pgf@nodesepstart=\dimen185
\pgf@nodesepend=\dimen186
)
(/usr/share/texmf/tex/latex/pgf/compatibility/pgfcomp-version-1-18.sty
Package: pgfcomp-version-1-18 2007/07/23 v2.10 (rcs-revision 1.1)
))
(/usr/share/texmf/tex/latex/pgf/utilities/pgffor.sty
(/usr/share/texmf/tex/latex/pgf/utilities/pgfkeys.sty
(/usr/share/texmf/tex/generic/pgf/utilities/pgfkeys.code.tex))
(/usr/share/texmf/tex/generic/pgf/utilities/pgffor.code.tex
Package: pgffor 2010/03/23 v2.10 (rcs-revision 1.18)
\pgffor@iter=\dimen187
\pgffor@skip=\dimen188
\pgffor@stack=\toks40
\pgffor@toks=\toks41
))
(/usr/share/texmf/tex/generic/pgf/frontendlayer/tikz/tikz.code.tex
Package: tikz 2010/10/13 v2.10 (rcs-revision 1.76)

(/usr/share/texmf/tex/generic/pgf/libraries/pgflibraryplothandlers.code.tex
File: pgflibraryplothandlers.code.tex 2010/05/31 v2.10 (rcs-revision 1.15)
\pgf@plot@mark@count=\count153
\pgfplotmarksize=\dimen189
)
\tikz@lastx=\dimen190
\tikz@lasty=\dimen191
\tikz@lastxsaved=\dimen192
\tikz@lastysaved=\dimen193
\tikzleveldistance=\dimen194
\tikzsiblingdistance=\dimen195
\tikz@figbox=\box54
\tikz@tempbox=\box55
\tikztreelevel=\count154
\tikznumberofchildren=\count155
\tikznumberofcurrentchild=\count156
\tikz@fig@count=\count157

(/usr/share/texmf/tex/generic/pgf/modules/pgfmodulematrix.code.tex
File: pgfmodulematrix.code.tex 2010/08/24  (rcs-revision 1.4)
\pgfmatrixcurrentrow=\count158
\pgfmatrixcurrentcolumn=\count159
\pgf@matrix@numberofcolumns=\count160
)
\tikz@expandcount=\count161

(/usr/share/texmf/tex/generic/pgf/frontendlayer/tikz/libraries/tikzlibrarytopat
hs.code.tex
File: tikzlibrarytopaths.code.tex 2008/06/17 v2.10 (rcs-revision 1.2)
)))
(/usr/share/texmf/tex/generic/pgf/frontendlayer/tikz/libraries/tikzlibrarycalc.
code.tex
File: tikzlibrarycalc.code.tex 2009/09/04 v2.10 (rcs-revision 1.6)
) (/usr/share/texlive/texmf-dist/tex/latex/multirow/multirow.sty
\bigstrutjot=\dimen196
)
(/usr/share/texlive/texmf-dist/tex/latex/adjustbox/adjustbox.sty
Package: adjustbox 2012/05/21 v1.0 Adjusting TeX boxes (trim, clip, ...)

(/usr/share/texlive/texmf-dist/tex/latex/xkeyval/xkeyval.sty
Package: xkeyval 2012/10/14 v2.6b package option processing (HA)

(/usr/share/texlive/texmf-dist/tex/generic/xkeyval/xkeyval.tex
\XKV@toks=\toks42
\XKV@tempa@toks=\toks43
\XKV@depth=\count162
File: xkeyval.tex 2012/10/14 v2.6b key=value parser (HA)
))
(/usr/share/texlive/texmf-dist/tex/latex/adjustbox/adjcalc.sty
Package: adjcalc 2012/05/16 v1.1 Provides advanced setlength with multiple back
-ends (calc, etex, pgfmath)
)
(/usr/share/texlive/texmf-dist/tex/latex/adjustbox/trimclip.sty
Package: trimclip 2012/05/16 v1.0 Trim and clip general TeX material

(/usr/share/texlive/texmf-dist/tex/latex/collectbox/collectbox.sty
Package: collectbox 2012/05/17 v0.4b Collect macro arguments as boxes
\collectedbox=\box56
)
\tc@llx=\dimen197
\tc@lly=\dimen198
\tc@urx=\dimen199
\tc@ury=\dimen200
Package trimclip Info: Using driver 'tc-pdftex.def'.

(/usr/share/texlive/texmf-dist/tex/latex/adjustbox/tc-pdftex.def
File: tc-pdftex.def 2012/05/13 v1.0 Clipping driver for pdftex
))
\adjbox@Width=\dimen201
\adjbox@Height=\dimen202
\adjbox@Depth=\dimen203
\adjbox@Totalheight=\dimen204

(/usr/share/texlive/texmf-dist/tex/latex/ifoddpage/ifoddpage.sty
Package: ifoddpage 2011/09/13 v1.0 Conditionals for odd/even page detection
\c@checkoddpage=\count163
)
(/usr/share/texlive/texmf-dist/tex/latex/varwidth/varwidth.sty
Package: varwidth 2009/03/30 ver 0.92;  Variable-width minipages
\@vwid@box=\box57
\sift@deathcycles=\count164
\@vwid@loff=\dimen205
\@vwid@roff=\dimen206
))
(/usr/share/texlive/texmf-dist/tex/latex/tools/tabularx.sty
Package: tabularx 1999/01/07 v2.07 `tabularx' package (DPC)

(/usr/share/texlive/texmf-dist/tex/latex/tools/array.sty
Package: array 2008/09/09 v2.4c Tabular extension package (FMi)
\col@sep=\dimen207
\extrarowheight=\dimen208
\NC@list=\toks44
\extratabsurround=\skip57
\backup@length=\skip58
)
\TX@col@width=\dimen209
\TX@old@table=\dimen210
\TX@old@col=\dimen211
\TX@target=\dimen212
\TX@delta=\dimen213
\TX@cols=\count165
\TX@ftn=\toks45
)
(/usr/share/texlive/texmf-dist/tex/latex/booktabs/booktabs.sty
Package: booktabs 2005/04/14 v1.61803 publication quality tables
\heavyrulewidth=\dimen214
\lightrulewidth=\dimen215
\cmidrulewidth=\dimen216
\belowrulesep=\dimen217
\belowbottomsep=\dimen218
\aboverulesep=\dimen219
\abovetopsep=\dimen220
\cmidrulesep=\dimen221
\cmidrulekern=\dimen222
\defaultaddspace=\dimen223
\@cmidla=\count166
\@cmidlb=\count167
\@aboverulesep=\dimen224
\@belowrulesep=\dimen225
\@thisruleclass=\count168
\@lastruleclass=\count169
\@thisrulewidth=\dimen226
)
(/usr/share/texlive/texmf-dist/tex/generic/babel/babel.sty
Package: babel 2013/12/03 3.9h The Babel package

(/usr/share/texlive/texmf-dist/tex/generic/babel-english/english.ldf
Language: english 2012/08/20 v3.3p English support from the babel system

(/usr/share/texlive/texmf-dist/tex/generic/babel/babel.def
File: babel.def 2013/12/03 3.9h Babel common definitions
LaTeX Info: Redefining \textlatin on input line 137.
\babel@savecnt=\count170
\U@D=\dimen227
)
\l@british = a dialect from \language\l@english 
\l@UKenglish = a dialect from \language\l@english 
\l@canadian = a dialect from \language\l@american 
\l@australian = a dialect from \language\l@british 
\l@newzealand = a dialect from \language\l@british 
))
(/usr/share/texlive/texmf-dist/tex/latex/base/inputenc.sty
Package: inputenc 2008/03/30 v1.1d Input encoding file
\inpenc@prehook=\toks46
\inpenc@posthook=\toks47

(/usr/share/texlive/texmf-dist/tex/latex/ucs/utf8x.def
File: utf8x.def 2004/10/17 UCS: Input encoding UTF-8
))
(/usr/share/texlive/texmf-dist/tex/latex/ucs/ucs.sty
Package: ucs 2013/05/11 v2.2 UCS: Unicode input support

(/usr/share/texlive/texmf-dist/tex/latex/ucs/data/uni-global.def
File: uni-global.def 2013/05/13 UCS: Unicode global data
)
\uc@secondtry=\count171
\uc@combtoks=\toks48
\uc@combtoksb=\toks49
\uc@temptokena=\toks50
)
(/usr/share/texlive/texmf-dist/tex/latex/algorithms/algorithm.sty
Package: algorithm 2009/08/24 v0.1 Document Style `algorithm' - floating enviro
nment

(/usr/share/texlive/texmf-dist/tex/latex/float/float.sty
Package: float 2001/11/08 v1.3d Float enhancements (AL)
\c@float@type=\count172
\float@exts=\toks51
\float@box=\box58
\@float@everytoks=\toks52
\@floatcapt=\box59
)
(/usr/share/texlive/texmf-dist/tex/latex/base/ifthen.sty
Package: ifthen 2001/05/26 v1.1c Standard LaTeX ifthen package (DPC)
)
\@float@every@algorithm=\toks53
\c@algorithm=\count173
)
(/usr/share/texlive/texmf-dist/tex/latex/algorithmicx/algorithmicx.sty
Package: algorithmicx 2005/04/27 v1.2 Algorithmicx

Document Style algorithmicx 1.2 - a greatly improved `algorithmic' style
\c@ALG@line=\count174
\c@ALG@rem=\count175
\c@ALG@nested=\count176
\ALG@tlm=\skip59
\ALG@thistlm=\skip60
\c@ALG@Lnr=\count177
\c@ALG@blocknr=\count178
\c@ALG@storecount=\count179
\c@ALG@tmpcounter=\count180
\ALG@tmplength=\skip61
) (/usr/share/texlive/texmf-dist/tex/latex/algorithmicx/algpseudocode.sty
Package: algpseudocode 

Document Style - pseudocode environments for use with the `algorithmicx' style
)
(/usr/share/texmf/tex/generic/pgf/frontendlayer/tikz/libraries/tikzlibraryarrow
s.code.tex
File: tikzlibraryarrows.code.tex 2008/01/09 v2.10 (rcs-revision 1.1)

(/usr/share/texmf/tex/generic/pgf/libraries/pgflibraryarrows.code.tex
File: pgflibraryarrows.code.tex 2008/10/27 v2.10 (rcs-revision 1.9)
\arrowsize=\dimen228
))
(./presentation_1.aux)
\openout1 = `presentation_1.aux'.

LaTeX Font Info:    Checking defaults for OML/cmm/m/it on input line 160.
LaTeX Font Info:    ... okay on input line 160.
LaTeX Font Info:    Checking defaults for T1/cmr/m/n on input line 160.
LaTeX Font Info:    ... okay on input line 160.
LaTeX Font Info:    Checking defaults for OT1/cmr/m/n on input line 160.
LaTeX Font Info:    ... okay on input line 160.
LaTeX Font Info:    Checking defaults for OMS/cmsy/m/n on input line 160.
LaTeX Font Info:    ... okay on input line 160.
LaTeX Font Info:    Checking defaults for OMX/cmex/m/n on input line 160.
LaTeX Font Info:    ... okay on input line 160.
LaTeX Font Info:    Checking defaults for U/cmr/m/n on input line 160.
LaTeX Font Info:    ... okay on input line 160.
LaTeX Font Info:    Checking defaults for PD1/pdf/m/n on input line 160.
LaTeX Font Info:    ... okay on input line 160.

*geometry* driver: auto-detecting
*geometry* detected driver: pdftex
*geometry* verbose mode - [ preamble ] result:
* driver: pdftex
* paper: custom
* layout: <same size as paper>
* layoutoffset:(h,v)=(0.0pt,0.0pt)
* modes: includehead includefoot 
* h-part:(L,W,R)=(10.95003pt, 342.2953pt, 10.95003pt)
* v-part:(T,H,B)=(0.0pt, 273.14662pt, 0.0pt)
* \paperwidth=364.19536pt
* \paperheight=273.14662pt
* \textwidth=342.2953pt
* \textheight=244.6939pt
* \oddsidemargin=-61.31996pt
* \evensidemargin=-61.31996pt
* \topmargin=-72.26999pt
* \headheight=14.22636pt
* \headsep=0.0pt
* \topskip=11.0pt
* \footskip=14.22636pt
* \marginparwidth=4.0pt
* \marginparsep=10.0pt
* \columnsep=10.0pt
* \skip\footins=10.0pt plus 4.0pt minus 2.0pt
* \hoffset=0.0pt
* \voffset=0.0pt
* \mag=1000
* \@twocolumnfalse
* \@twosidefalse
* \@mparswitchfalse
* \@reversemarginfalse
* (1in=72.27pt=25.4mm, 1cm=28.453pt)

(/usr/share/texlive/texmf-dist/tex/context/base/supp-pdf.mkii
[Loading MPS to PDF converter (version 2006.09.02).]
\scratchcounter=\count181
\scratchdimen=\dimen229
\scratchbox=\box60
\nofMPsegments=\count182
\nofMParguments=\count183
\everyMPshowfont=\toks54
\MPscratchCnt=\count184
\MPscratchDim=\dimen230
\MPnumerator=\count185
\makeMPintoPDFobject=\count186
\everyMPtoPDFconversion=\toks55
) (/usr/share/texlive/texmf-dist/tex/latex/oberdiek/epstopdf-base.sty
Package: epstopdf-base 2010/02/09 v2.5 Base part for package epstopdf

(/usr/share/texlive/texmf-dist/tex/latex/oberdiek/grfext.sty
Package: grfext 2010/08/19 v1.1 Manage graphics extensions (HO)
)
Package grfext Info: Graphics extension search list:
(grfext)             [.png,.pdf,.jpg,.mps,.jpeg,.jbig2,.jb2,.PNG,.PDF,.JPG,.JPE
G,.JBIG2,.JB2,.eps]
(grfext)             \AppendGraphicsExtensions on input line 452.

(/usr/share/texlive/texmf-dist/tex/latex/latexconfig/epstopdf-sys.cfg
File: epstopdf-sys.cfg 2010/07/13 v1.3 Configuration of (r)epstopdf for TeX Liv
e
))
ABD: EveryShipout initializing macros
\AtBeginShipoutBox=\box61
Package hyperref Info: Link coloring OFF on input line 160.

(/usr/share/texlive/texmf-dist/tex/latex/hyperref/nameref.sty
Package: nameref 2012/10/27 v2.43 Cross-referencing by name of section

(/usr/share/texlive/texmf-dist/tex/generic/oberdiek/gettitlestring.sty
Package: gettitlestring 2010/12/03 v1.4 Cleanup title references (HO)
)
\c@section@level=\count187
)
LaTeX Info: Redefining \ref on input line 160.
LaTeX Info: Redefining \pageref on input line 160.
LaTeX Info: Redefining \nameref on input line 160.

(./presentation_1.out) (./presentation_1.out)
\@outlinefile=\write5
\openout5 = `presentation_1.out'.

LaTeX Font Info:    Overwriting symbol font `operators' in version `normal'
(Font)                  OT1/cmr/m/n --> OT1/cmss/m/n on input line 160.
LaTeX Font Info:    Overwriting symbol font `operators' in version `bold'
(Font)                  OT1/cmr/bx/n --> OT1/cmss/bx/n on input line 160.
\symnumbers=\mathgroup6
\sympureletters=\mathgroup7
LaTeX Font Info:    Overwriting math alphabet `\mathrm' in version `normal'
(Font)                  OT1/cmss/m/n --> OT1/cmr/m/n on input line 160.
LaTeX Font Info:    Redeclaring math alphabet \mathbf on input line 160.
LaTeX Font Info:    Overwriting math alphabet `\mathbf' in version `normal'
(Font)                  OT1/cmr/bx/n --> OT1/cmss/bx/n on input line 160.
LaTeX Font Info:    Overwriting math alphabet `\mathbf' in version `bold'
(Font)                  OT1/cmr/bx/n --> OT1/cmss/bx/n on input line 160.
LaTeX Font Info:    Redeclaring math alphabet \mathsf on input line 160.
LaTeX Font Info:    Overwriting math alphabet `\mathsf' in version `normal'
(Font)                  OT1/cmss/m/n --> OT1/cmss/m/n on input line 160.
LaTeX Font Info:    Overwriting math alphabet `\mathsf' in version `bold'
(Font)                  OT1/cmss/bx/n --> OT1/cmss/m/n on input line 160.
LaTeX Font Info:    Redeclaring math alphabet \mathit on input line 160.
LaTeX Font Info:    Overwriting math alphabet `\mathit' in version `normal'
(Font)                  OT1/cmr/m/it --> OT1/cmss/m/it on input line 160.
LaTeX Font Info:    Overwriting math alphabet `\mathit' in version `bold'
(Font)                  OT1/cmr/bx/it --> OT1/cmss/m/it on input line 160.
LaTeX Font Info:    Redeclaring math alphabet \mathtt on input line 160.
LaTeX Font Info:    Overwriting math alphabet `\mathtt' in version `normal'
(Font)                  OT1/cmtt/m/n --> OT1/cmtt/m/n on input line 160.
LaTeX Font Info:    Overwriting math alphabet `\mathtt' in version `bold'
(Font)                  OT1/cmtt/m/n --> OT1/cmtt/m/n on input line 160.
LaTeX Font Info:    Overwriting symbol font `numbers' in version `bold'
(Font)                  OT1/cmss/m/n --> OT1/cmss/bx/n on input line 160.
LaTeX Font Info:    Overwriting symbol font `pureletters' in version `bold'
(Font)                  OT1/cmss/m/it --> OT1/cmss/bx/it on input line 160.
LaTeX Font Info:    Overwriting math alphabet `\mathrm' in version `bold'
(Font)                  OT1/cmss/bx/n --> OT1/cmr/bx/n on input line 160.
LaTeX Font Info:    Overwriting math alphabet `\mathbf' in version `bold'
(Font)                  OT1/cmss/bx/n --> OT1/cmss/bx/n on input line 160.
LaTeX Font Info:    Overwriting math alphabet `\mathsf' in version `bold'
(Font)                  OT1/cmss/m/n --> OT1/cmss/bx/n on input line 160.
LaTeX Font Info:    Overwriting math alphabet `\mathit' in version `bold'
(Font)                  OT1/cmss/m/it --> OT1/cmss/bx/it on input line 160.
LaTeX Font Info:    Overwriting math alphabet `\mathtt' in version `bold'
(Font)                  OT1/cmtt/m/n --> OT1/cmtt/bx/n on input line 160.

(/usr/share/texmf/tex/latex/beamer/base/translator/dicts/translator-basic-dicti
onary/translator-basic-dictionary-English.dict
Dictionary: translator-basic-dictionary, Language: English 
)
(/usr/share/texmf/tex/latex/beamer/base/translator/dicts/translator-bibliograph
y-dictionary/translator-bibliography-dictionary-English.dict
Dictionary: translator-bibliography-dictionary, Language: English 
)
(/usr/share/texmf/tex/latex/beamer/base/translator/dicts/translator-environment
-dictionary/translator-environment-dictionary-English.dict
Dictionary: translator-environment-dictionary, Language: English 
)
(/usr/share/texmf/tex/latex/beamer/base/translator/dicts/translator-months-dict
ionary/translator-months-dictionary-English.dict
Dictionary: translator-months-dictionary, Language: English 
)
(/usr/share/texmf/tex/latex/beamer/base/translator/dicts/translator-numbers-dic
tionary/translator-numbers-dictionary-English.dict
Dictionary: translator-numbers-dictionary, Language: English 
)
(/usr/share/texmf/tex/latex/beamer/base/translator/dicts/translator-theorem-dic
tionary/translator-theorem-dictionary-English.dict
Dictionary: translator-theorem-dictionary, Language: English 
)
LaTeX Info: Redefining \includegraphics on input line 160.

(/usr/share/texlive/texmf-dist/tex/latex/ucs/ucsencs.def
File: ucsencs.def 2011/01/21 Fixes to fontencodings LGR, T3
) (./presentation_1.nav)

LaTeX Font Warning: Font shape `OT1/cmss/m/n' in size <4> not available
(Font)              size <5> substituted on input line 164.

[1

{/var/lib/texmf/fonts/map/pdftex/updmap/pdftex.map}] (./presentation_1.toc)
[2

] <images/motivation.png, id=71, 747.79375pt x 1056.94875pt>
File: images/motivation.png Graphic file (type png)

<use images/motivation.png>
Package pdftex.def Info: images/motivation.png used on input line 187.
(pdftex.def)             Requested size: 171.14764pt x 241.89964pt.

Overfull \vbox (24.16243pt too high) detected at line 187
 []

[3

 <./images/motivation.png>]
<images/car.pdf, id=78, 364.19528pt x 273.14645pt>
File: images/car.pdf Graphic file (type pdf)
 <use images/car.pdf>
Package pdftex.def Info: images/car.pdf used on input line 195.
(pdftex.def)             Requested size: 163.88635pt x 122.91476pt.

[4

 <./images/car.pdf>] [5

] [6

] [7

] [8

] [9

] [10

]

Package pdftex.def Warning: Option `bb' does not make sense,
(pdftex.def)                using `viewport' instead on input line 218.

<images/resultindia.png, id=131, 1371.1225pt x 770.88pt>
File: images/resultindia.png Graphic file (type png)

<use images/resultindia.png>
Package pdftex.def Info: images/resultindia.png used on input line 218.
(pdftex.def)             Requested size: 342.78062pt x 185.94469pt.

Overfull \hbox (0.48532pt too wide) in paragraph at lines 218--218
 [] 
 []

[11

 <./images/resultindia.png>]

Package pdftex.def Warning: Option `bb' does not make sense,
(pdftex.def)                using `viewport' instead on input line 226.

<images/resultmumbai.png, id=138, 1371.1225pt x 770.88pt>
File: images/resultmumbai.png Graphic file (type png)

<use images/resultmumbai.png>
Package pdftex.def Info: images/resultmumbai.png used on input line 226.
(pdftex.def)             Requested size: 342.78062pt x 185.94469pt.

Overfull \hbox (0.48532pt too wide) in paragraph at lines 226--226
 [] 
 []

[12

 <./images/resultmumbai.png>]
LaTeX Font Info:    Try loading font information for U+msa on input line 241.

(/usr/share/texlive/texmf-dist/tex/latex/amsfonts/umsa.fd
File: umsa.fd 2013/01/14 v3.01 AMS symbols A
)
LaTeX Font Info:    Try loading font information for U+msb on input line 241.

(/usr/share/texlive/texmf-dist/tex/latex/amsfonts/umsb.fd
File: umsb.fd 2013/01/14 v3.01 AMS symbols B
) [13

] [14

] [15

]
[16

] [17

] [18

] [19

]

Package pdftex.def Warning: Option `bb' does not make sense,
(pdftex.def)                using `viewport' instead on input line 272.

<images/ex_2.png, id=184, 343.2825pt x 84.315pt>
File: images/ex_2.png Graphic file (type png)
 <use images/ex_2.png>
Package pdftex.def Info: images/ex_2.png used on input line 272.
(pdftex.def)             Requested size: 537.33887pt x 25.00346pt.

Overfull \hbox (216.94362pt too wide) in paragraph at lines 272--272
 [] 
 []


Package pdftex.def Warning: Option `bb' does not make sense,
(pdftex.def)                using `viewport' instead on input line 272.

<images/ex_3.png, id=185, 1020.81375pt x 74.2775pt>
File: images/ex_3.png Graphic file (type png)
 <use images/ex_3.png>
Package pdftex.def Info: images/ex_3.png used on input line 272.
(pdftex.def)             Requested size: 342.98485pt x 15.95978pt.

Overfull \hbox (22.5896pt too wide) in paragraph at lines 272--272
 [] 
 []

[20

 <./images/ex_2.png> <./images/ex_3.png>] [21

] [22

] [23

]
<images/ex_4.png, id=206, 755.82375pt x 227.85126pt>
File: images/ex_4.png Graphic file (type png)
 <use images/ex_4.png>
Package pdftex.def Info: images/ex_4.png used on input line 324.
(pdftex.def)             Requested size: 273.83728pt x 82.55136pt.

<images/ex_5.png, id=207, 834.11626pt x 251.94125pt>
File: images/ex_5.png Graphic file (type png)
 <use images/ex_5.png>
Package pdftex.def Info: images/ex_5.png used on input line 324.
(pdftex.def)             Requested size: 273.83728pt x 82.7103pt.

[24

 <./images/ex_4.png> <./images/ex_5.png>]
File: images/ex_4.png Graphic file (type png)
 <use images/ex_4.png>
Package pdftex.def Info: images/ex_4.png used on input line 324.
(pdftex.def)             Requested size: 273.83728pt x 82.55136pt.
File: images/ex_5.png Graphic file (type png)

<use images/ex_5.png>
Package pdftex.def Info: images/ex_5.png used on input line 324.
(pdftex.def)             Requested size: 273.83728pt x 82.7103pt.
 [25

]
File: images/ex_4.png Graphic file (type png)
 <use images/ex_4.png>
Package pdftex.def Info: images/ex_4.png used on input line 324.
(pdftex.def)             Requested size: 273.83728pt x 82.55136pt.
File: images/ex_5.png Graphic file (type png)
 <use images/ex_5.png>
Package pdftex.def Info: images/ex_5.png used on input line 324.
(pdftex.def)             Requested size: 273.83728pt x 82.7103pt.
 [26

]
[27

] [28

] [29

] [30

] [31

]
Package epstopdf Info: Source file: <images/popularitynumbers.eps>
(epstopdf)                    date: 2015-06-23 16:10:20
(epstopdf)                    size: 244406 bytes
(epstopdf)             Output file: <images/popularitynumbers-eps-converted-to.
pdf>
(epstopdf)                    date: 2015-06-23 16:56:30
(epstopdf)                    size: 151221 bytes
(epstopdf)             Command: <repstopdf --outfile=images/popularitynumbers-e
ps-converted-to.pdf images/popularitynumbers.eps>
(epstopdf)             \includegraphics on input line 365.
Package epstopdf Info: Output file is already uptodate.

<images/popularitynumbers-eps-converted-to.pdf, id=251, 958.58125pt x 476.78125
pt>
File: images/popularitynumbers-eps-converted-to.pdf Graphic file (type pdf)
 <use images/popularitynumbers-eps-converted-to.pdf>
Package pdftex.def Info: images/popularitynumbers-eps-converted-to.pdf used on 
input line 365.
(pdftex.def)             Requested size: 239.60567pt x 119.17319pt.

Underfull \vbox (badness 10000) has occurred while \output is active []

 [32

]
Overfull \vbox (12.0pt too high) has occurred while \output is active []

 [33 <./images/popularitynumbers-eps-converted-to.pdf>] [34

] [35

] [36

] [37

] [38

]
Package epstopdf Info: Source file: <images/longliverulebased.eps>
(epstopdf)                    date: 2015-06-23 13:39:13
(epstopdf)                    size: 409109 bytes
(epstopdf)             Output file: <images/longliverulebased-eps-converted-to.
pdf>
(epstopdf)                    date: 2015-06-23 13:39:13
(epstopdf)                    size: 105574 bytes
(epstopdf)             Command: <repstopdf --outfile=images/longliverulebased-e
ps-converted-to.pdf images/longliverulebased.eps>
(epstopdf)             \includegraphics on input line 456.
Package epstopdf Info: Output file is already uptodate.

<images/longliverulebased-eps-converted-to.pdf, id=290, 1215.54124pt x 876.2737
4pt>
File: images/longliverulebased-eps-converted-to.pdf Graphic file (type pdf)
 <use images/longliverulebased-eps-converted-to.pdf>
Package pdftex.def Info: images/longliverulebased-eps-converted-to.pdf used on 
input line 456.
(pdftex.def)             Requested size: 239.60567pt x 172.72455pt.
 [39

 <./images/longliverulebased-eps-converted-to.pdf>]
Package epstopdf Info: Source file: <images/dep.eps>
(epstopdf)                    date: 2015-06-23 13:39:13
(epstopdf)                    size: 424466 bytes
(epstopdf)             Output file: <images/dep-eps-converted-to.pdf>
(epstopdf)                    date: 2015-06-23 13:39:13
(epstopdf)                    size: 69161 bytes
(epstopdf)             Command: <repstopdf --outfile=images/dep-eps-converted-t
o.pdf images/dep.eps>
(epstopdf)             \includegraphics on input line 471.
Package epstopdf Info: Output file is already uptodate.

<images/dep-eps-converted-to.pdf, id=303, 817.0525pt x 121.45375pt>
File: images/dep-eps-converted-to.pdf Graphic file (type pdf)

<use images/dep-eps-converted-to.pdf>
Package pdftex.def Info: images/dep-eps-converted-to.pdf used on input line 471
.
(pdftex.def)             Requested size: 239.60567pt x 35.61542pt.
 [40

 <./images/dep-eps-converted-to.pdf>]
[41

]

LaTeX Font Warning: Font shape `OT1/cmss/bx/it' undefined
(Font)              using `OT1/cmss/bx/n' instead on input line 504.

[42

] [43

] [44


] [45

]
Underfull \hbox (badness 10000) in alignment at lines 581--581
[][] 
 []

[46

] [47

] [48

] [49

]
Package epstopdf Info: Source file: <images/numbertronmodel.eps>
(epstopdf)                    date: 2015-06-23 19:15:04
(epstopdf)                    size: 48643 bytes
(epstopdf)             Output file: <images/numbertronmodel-eps-converted-to.pd
f>
(epstopdf)                    date: 2015-06-23 19:15:58
(epstopdf)                    size: 20056 bytes
(epstopdf)             Command: <repstopdf --outfile=images/numbertronmodel-eps
-converted-to.pdf images/numbertronmodel.eps>
(epstopdf)             \includegraphics on input line 623.
Package epstopdf Info: Output file is already uptodate.

<images/numbertronmodel-eps-converted-to.pdf, id=369, 485.815pt x 354.32375pt>
File: images/numbertronmodel-eps-converted-to.pdf Graphic file (type pdf)

<use images/numbertronmodel-eps-converted-to.pdf>
Package pdftex.def Info: images/numbertronmodel-eps-converted-to.pdf used on in
put line 623.
(pdftex.def)             Requested size: 239.60567pt x 174.7501pt.
 [50

 <./images/numbertronmodel-eps-converted-to.pdf>] [51

] [52

] [53

] [54

] [55

] [56

]
Package epstopdf Info: Source file: <images/truelabel11.eps>
(epstopdf)                    date: 2015-06-23 13:39:13
(epstopdf)                    size: 39664 bytes
(epstopdf)             Output file: <images/truelabel11-eps-converted-to.pdf>
(epstopdf)                    date: 2015-06-23 13:39:13
(epstopdf)                    size: 16454 bytes
(epstopdf)             Command: <repstopdf --outfile=images/truelabel11-eps-con
verted-to.pdf images/truelabel11.eps>
(epstopdf)             \includegraphics on input line 744.
Package epstopdf Info: Output file is already uptodate.

<images/truelabel11-eps-converted-to.pdf, id=418, 464.73625pt x 328.22626pt>
File: images/truelabel11-eps-converted-to.pdf Graphic file (type pdf)

<use images/truelabel11-eps-converted-to.pdf>
Package pdftex.def Info: images/truelabel11-eps-converted-to.pdf used on input 
line 744.
(pdftex.def)             Requested size: 342.3039pt x 208.92218pt.

Overfull \vbox (16.78497pt too high) detected at line 744
 []

[57

 <./images/truelabel11-eps-converted-to.pdf>]
Package epstopdf Info: Source file: <images/truelabel12.eps>
(epstopdf)                    date: 2015-06-23 13:39:13
(epstopdf)                    size: 38866 bytes
(epstopdf)             Output file: <images/truelabel12-eps-converted-to.pdf>
(epstopdf)                    date: 2015-06-23 13:39:13
(epstopdf)                    size: 16169 bytes
(epstopdf)             Command: <repstopdf --outfile=images/truelabel12-eps-con
verted-to.pdf images/truelabel12.eps>
(epstopdf)             \includegraphics on input line 755.
Package epstopdf Info: Output file is already uptodate.

<images/truelabel12-eps-converted-to.pdf, id=430, 440.64626pt x 318.18875pt>
File: images/truelabel12-eps-converted-to.pdf Graphic file (type pdf)

<use images/truelabel12-eps-converted-to.pdf>
Package pdftex.def Info: images/truelabel12-eps-converted-to.pdf used on input 
line 755.
(pdftex.def)             Requested size: 342.31088pt x 208.91765pt.

Overfull \vbox (16.78044pt too high) detected at line 755
 []

[58

 <./images/truelabel12-eps-converted-to.pdf>]
Package epstopdf Info: Source file: <images/truelabel13.eps>
(epstopdf)                    date: 2015-06-23 13:39:13
(epstopdf)                    size: 41896 bytes
(epstopdf)             Output file: <images/truelabel13-eps-converted-to.pdf>
(epstopdf)                    date: 2015-06-23 13:39:13
(epstopdf)                    size: 17188 bytes
(epstopdf)             Command: <repstopdf --outfile=images/truelabel13-eps-con
verted-to.pdf images/truelabel13.eps>
(epstopdf)             \includegraphics on input line 766.
Package epstopdf Info: Output file is already uptodate.

<images/truelabel13-eps-converted-to.pdf, id=442, 400.49625pt x 281.05pt>
File: images/truelabel13-eps-converted-to.pdf Graphic file (type pdf)

<use images/truelabel13-eps-converted-to.pdf>
Package pdftex.def Info: images/truelabel13-eps-converted-to.pdf used on input 
line 766.
(pdftex.def)             Requested size: 342.31786pt x 208.91719pt.

Overfull \vbox (16.77998pt too high) detected at line 766
 []

[59

 <./images/truelabel13-eps-converted-to.pdf>]
Package epstopdf Info: Source file: <images/truelabel14.eps>
(epstopdf)                    date: 2015-06-23 13:39:13
(epstopdf)                    size: 53320 bytes
(epstopdf)             Output file: <images/truelabel14-eps-converted-to.pdf>
(epstopdf)                    date: 2015-06-23 13:39:13
(epstopdf)                    size: 22103 bytes
(epstopdf)             Command: <repstopdf --outfile=images/truelabel14-eps-con
verted-to.pdf images/truelabel14.eps>
(epstopdf)             \includegraphics on input line 777.
Package epstopdf Info: Output file is already uptodate.

<images/truelabel14-eps-converted-to.pdf, id=455, 448.67625pt x 281.05pt>
File: images/truelabel14-eps-converted-to.pdf Graphic file (type pdf)

<use images/truelabel14-eps-converted-to.pdf>
Package pdftex.def Info: images/truelabel14-eps-converted-to.pdf used on input 
line 777.
(pdftex.def)             Requested size: 342.30513pt x 208.91719pt.

Overfull \vbox (16.77998pt too high) detected at line 777
 []

[60

 <./images/truelabel14-eps-converted-to.pdf>]
Package epstopdf Info: Source file: <images/fullinf_1.eps>
(epstopdf)                    date: 2015-06-23 13:39:13
(epstopdf)                    size: 165810 bytes
(epstopdf)             Output file: <images/fullinf_1-eps-converted-to.pdf>
(epstopdf)                    date: 2015-06-23 13:39:13
(epstopdf)                    size: 85944 bytes
(epstopdf)             Command: <repstopdf --outfile=images/fullinf_1-eps-conve
rted-to.pdf images/fullinf_1.eps>
(epstopdf)             \includegraphics on input line 788.
Package epstopdf Info: Output file is already uptodate.

<images/fullinf_1-eps-converted-to.pdf, id=471, 444.66125pt x 403.5075pt>
File: images/fullinf_1-eps-converted-to.pdf Graphic file (type pdf)

<use images/fullinf_1-eps-converted-to.pdf>
Package pdftex.def Info: images/fullinf_1-eps-converted-to.pdf used on input li
ne 788.
(pdftex.def)             Requested size: 342.29523pt x 221.97906pt.

Overfull \vbox (16.24185pt too high) detected at line 788
 []

[61

 <./images/fullinf_1-eps-converted-to.pdf>]
Package epstopdf Info: Source file: <images/fullinf_2.eps>
(epstopdf)                    date: 2015-06-23 13:39:13
(epstopdf)                    size: 137682 bytes
(epstopdf)             Output file: <images/fullinf_2-eps-converted-to.pdf>
(epstopdf)                    date: 2015-06-23 13:39:13
(epstopdf)                    size: 58294 bytes
(epstopdf)             Command: <repstopdf --outfile=images/fullinf_2-eps-conve
rted-to.pdf images/fullinf_2.eps>
(epstopdf)             \includegraphics on input line 799.
Package epstopdf Info: Output file is already uptodate.

<images/fullinf_2-eps-converted-to.pdf, id=502, 444.66125pt x 403.5075pt>
File: images/fullinf_2-eps-converted-to.pdf Graphic file (type pdf)

<use images/fullinf_2-eps-converted-to.pdf>
Package pdftex.def Info: images/fullinf_2-eps-converted-to.pdf used on input li
ne 799.
(pdftex.def)             Requested size: 342.29523pt x 221.97906pt.

Overfull \vbox (16.24185pt too high) detected at line 799
 []

[62

 <./images/fullinf_2-eps-converted-to.pdf>]
Package epstopdf Info: Source file: <images/fullinf_3.eps>
(epstopdf)                    date: 2015-06-23 13:39:13
(epstopdf)                    size: 200810 bytes
(epstopdf)             Output file: <images/fullinf_3-eps-converted-to.pdf>
(epstopdf)                    date: 2015-06-23 13:39:13
(epstopdf)                    size: 113873 bytes
(epstopdf)             Command: <repstopdf --outfile=images/fullinf_3-eps-conve
rted-to.pdf images/fullinf_3.eps>
(epstopdf)             \includegraphics on input line 810.
Package epstopdf Info: Output file is already uptodate.

<images/fullinf_3-eps-converted-to.pdf, id=532, 444.66125pt x 337.26pt>
File: images/fullinf_3-eps-converted-to.pdf Graphic file (type pdf)

<use images/fullinf_3-eps-converted-to.pdf>
Package pdftex.def Info: images/fullinf_3-eps-converted-to.pdf used on input li
ne 810.
(pdftex.def)             Requested size: 342.29523pt x 221.97989pt.

Overfull \vbox (16.24268pt too high) detected at line 810
 []

[63

 <./images/fullinf_3-eps-converted-to.pdf>]
Package epstopdf Info: Source file: <images/fullinf_4.eps>
(epstopdf)                    date: 2015-06-23 13:39:13
(epstopdf)                    size: 226965 bytes
(epstopdf)             Output file: <images/fullinf_4-eps-converted-to.pdf>
(epstopdf)                    date: 2015-06-23 13:39:13
(epstopdf)                    size: 124425 bytes
(epstopdf)             Command: <repstopdf --outfile=images/fullinf_4-eps-conve
rted-to.pdf images/fullinf_4.eps>
(epstopdf)             \includegraphics on input line 821.
Package epstopdf Info: Output file is already uptodate.

<images/fullinf_4-eps-converted-to.pdf, id=562, 444.66125pt x 350.30875pt>
File: images/fullinf_4-eps-converted-to.pdf Graphic file (type pdf)

<use images/fullinf_4-eps-converted-to.pdf>
Package pdftex.def Info: images/fullinf_4-eps-converted-to.pdf used on input li
ne 821.
(pdftex.def)             Requested size: 342.29523pt x 221.97855pt.

Overfull \vbox (16.24133pt too high) detected at line 821
 []

[64

 <./images/fullinf_4-eps-converted-to.pdf>] [65

] [66

] [67

]
Overfull \vbox (12.35162pt too high) detected at line 913
 []

[68

] [69

] [70

] [71

] [72

] [73

] [74

] [75

] [76

] (./presentation_1.bbl) [77

 </usr/share/texmf/tex/latex/beamer/base/art/beamericonarticle.pdf>] [78


]
\tf@nav=\write6
\openout6 = `presentation_1.nav'.

\tf@toc=\write7
\openout7 = `presentation_1.toc'.

\tf@snm=\write8
\openout8 = `presentation_1.snm'.

Package atveryend Info: Empty hook `BeforeClearDocument' on input line 1129.
Package atveryend Info: Empty hook `AfterLastShipout' on input line 1129.

(./presentation_1.aux)
Package atveryend Info: Executing hook `AtVeryEndDocument' on input line 1129.
Package atveryend Info: Executing hook `AtEndAfterFileList' on input line 1129.

Package rerunfilecheck Info: File `presentation_1.out' has not changed.
(rerunfilecheck)             Checksum: 4A5AD9C24569A238426908A953F6290A;383.


LaTeX Font Warning: Size substitutions with differences
(Font)              up to 1.0pt have occurred.


LaTeX Font Warning: Some font shapes were not available, defaults substituted.

Package atveryend Info: Empty hook `AtVeryVeryEnd' on input line 1129.
 ) 
Here is how much of TeX's memory you used:
 20921 strings out of 495017
 391692 string characters out of 6181021
 479511 words of memory out of 5000000
 23403 multiletter control sequences out of 15000+600000
 16424 words of font info for 61 fonts, out of 8000000 for 9000
 14 hyphenation exceptions out of 8191
 49i,15n,60p,403b,779s stack positions out of 5000i,500n,10000p,200000b,80000s
</usr/share/texlive/texmf-dist/fonts/type1/public/amsfonts/cm/cmmi10.pfb></us
r/share/texlive/texmf-dist/fonts/type1/public/amsfonts/cm/cmmi8.pfb></usr/share
/texlive/texmf-dist/fonts/type1/public/amsfonts/cm/cmss10.pfb></usr/share/texli
ve/texmf-dist/fonts/type1/public/amsfonts/cm/cmss12.pfb></usr/share/texlive/tex
mf-dist/fonts/type1/public/amsfonts/cm/cmss8.pfb></usr/share/texlive/texmf-dist
/fonts/type1/public/amsfonts/cm/cmss9.pfb></usr/share/texlive/texmf-dist/fonts/
type1/public/amsfonts/cm/cmssbx10.pfb></usr/share/texlive/texmf-dist/fonts/type
1/public/amsfonts/cm/cmssi10.pfb></usr/share/texlive/texmf-dist/fonts/type1/pub
lic/amsfonts/cm/cmssi8.pfb></usr/share/texlive/texmf-dist/fonts/type1/public/am
sfonts/cm/cmsy10.pfb></usr/share/texlive/texmf-dist/fonts/type1/public/amsfonts
/cm/cmsy8.pfb>
Output written on presentation_1.pdf (78 pages, 1844642 bytes).
PDF statistics:
 757 PDF objects out of 1000 (max. 8388607)
 550 compressed objects within 6 object streams
 173 named destinations out of 1000 (max. 500000)
 233 words of extra memory for PDF output out of 10000 (max. 10000000)

